<?xml version="1.0" encoding="UTF-8"?>
<coverage generated="1733656878762" clover="3.2.0">
  <project timestamp="1733656878762" name="All files">
    <metrics statements="33" coveredstatements="28" conditionals="4" coveredconditionals="2" methods="12" coveredmethods="7" elements="49" coveredelements="37" complexity="0" loc="33" ncloc="33" packages="5" files="9" classes="9"/>
    <package name="Components">
      <metrics statements="16" coveredstatements="16" conditionals="4" coveredconditionals="2" methods="6" coveredmethods="6"/>
      <file name="Contact.js" path="C:\Users\aluka\OneDrive\Desktop\nDev\namaste-react\src\Components\Contact.js">
        <metrics statements="2" coveredstatements="2" conditionals="0" coveredconditionals="0" methods="1" coveredmethods="1"/>
        <line num="1" count="1" type="stmt"/>
        <line num="2" count="4" type="stmt"/>
      </file>
      <file name="Header.js" path="C:\Users\aluka\OneDrive\Desktop\nDev\namaste-react\src\Components\Header.js">
        <metrics statements="9" coveredstatements="9" conditionals="4" coveredconditionals="2" methods="3" coveredmethods="3"/>
        <line num="8" count="1" type="stmt"/>
        <line num="9" count="5" type="stmt"/>
        <line num="12" count="5" type="stmt"/>
        <line num="15" count="5" type="stmt"/>
        <line num="18" count="5" type="stmt"/>
        <line num="21" count="5" type="stmt"/>
        <line num="24" count="9" type="stmt"/>
        <line num="45" count="5" type="stmt"/>
        <line num="93" count="1" type="cond" truecount="1" falsecount="1"/>
      </file>
      <file name="Product.js" path="C:\Users\aluka\OneDrive\Desktop\nDev\namaste-react\src\Components\Product.js">
        <metrics statements="2" coveredstatements="2" conditionals="0" coveredconditionals="0" methods="1" coveredmethods="1"/>
        <line num="1" count="1" type="stmt"/>
        <line num="2" count="1" type="stmt"/>
      </file>
      <file name="sum.js" path="C:\Users\aluka\OneDrive\Desktop\nDev\namaste-react\src\Components\sum.js">
        <metrics statements="3" coveredstatements="3" conditionals="0" coveredconditionals="0" methods="1" coveredmethods="1"/>
        <line num="1" count="1" type="stmt"/>
        <line num="2" count="2" type="stmt"/>
        <line num="5" count="1" type="stmt"/>
      </file>
    </package>
    <package name="utilits.ReduxToolkit.Slices">
      <metrics statements="6" coveredstatements="3" conditionals="0" coveredconditionals="0" methods="3" coveredmethods="0"/>
      <file name="CartSlice.js" path="C:\Users\aluka\OneDrive\Desktop\nDev\namaste-react\src\utilits\ReduxToolkit\Slices\CartSlice.js">
        <metrics statements="6" coveredstatements="3" conditionals="0" coveredconditionals="0" methods="3" coveredmethods="0"/>
        <line num="1" count="1" type="stmt"/>
        <line num="3" count="1" type="stmt"/>
        <line num="11" count="0" type="stmt"/>
        <line num="14" count="0" type="stmt"/>
        <line num="17" count="0" type="stmt"/>
        <line num="22" count="1" type="stmt"/>
      </file>
    </package>
    <package name="utilits.ReduxToolkit.Store">
      <metrics statements="2" coveredstatements="2" conditionals="0" coveredconditionals="0" methods="0" coveredmethods="0"/>
      <file name="AppStore.js" path="C:\Users\aluka\OneDrive\Desktop\nDev\namaste-react\src\utilits\ReduxToolkit\Store\AppStore.js">
        <metrics statements="2" coveredstatements="2" conditionals="0" coveredconditionals="0" methods="0" coveredmethods="0"/>
        <line num="4" count="1" type="stmt"/>
        <line num="10" count="1" type="stmt"/>
      </file>
    </package>
    <package name="utilits.context">
      <metrics statements="2" coveredstatements="2" conditionals="0" coveredconditionals="0" methods="0" coveredmethods="0"/>
      <file name="MailContext.js" path="C:\Users\aluka\OneDrive\Desktop\nDev\namaste-react\src\utilits\context\MailContext.js">
        <metrics statements="1" coveredstatements="1" conditionals="0" coveredconditionals="0" methods="0" coveredmethods="0"/>
        <line num="3" count="1" type="stmt"/>
      </file>
      <file name="UserContext.js" path="C:\Users\aluka\OneDrive\Desktop\nDev\namaste-react\src\utilits\context\UserContext.js">
        <metrics statements="1" coveredstatements="1" conditionals="0" coveredconditionals="0" methods="0" coveredmethods="0"/>
        <line num="3" count="1" type="stmt"/>
      </file>
    </package>
    <package name="utilits.customHooks">
      <metrics statements="7" coveredstatements="5" conditionals="0" coveredconditionals="0" methods="3" coveredmethods="1"/>
      <file name="useOnlineStatus.js" path="C:\Users\aluka\OneDrive\Desktop\nDev\namaste-react\src\utilits\customHooks\useOnlineStatus.js">
        <metrics statements="7" coveredstatements="5" conditionals="0" coveredconditionals="0" methods="3" coveredmethods="1"/>
        <line num="3" count="1" type="stmt"/>
        <line num="4" count="5" type="stmt"/>
        <line num="6" count="5" type="stmt"/>
        <line num="7" count="0" type="stmt"/>
        <line num="10" count="5" type="stmt"/>
        <line num="11" count="0" type="stmt"/>
        <line num="14" count="5" type="stmt"/>
      </file>
    </package>
  </project>
</coverage>
