<?xml version="1.0" encoding="UTF-8"?>
<coverage generated="1733724891384" clover="3.2.0">
  <project timestamp="1733724891384" name="All files">
    <metrics statements="25" coveredstatements="15" conditionals="2" coveredconditionals="1" methods="9" coveredmethods="3" elements="36" coveredelements="19" complexity="0" loc="25" ncloc="25" packages="1" files="1" classes="1"/>
    <file name="Body.js" path="C:\Users\aluka\OneDrive\Desktop\nDev\namaste-react\src\Components\Body.js">
      <metrics statements="25" coveredstatements="15" conditionals="2" coveredconditionals="1" methods="9" coveredmethods="3"/>
      <line num="6" count="1" type="stmt"/>
      <line num="7" count="2" type="stmt"/>
      <line num="8" count="2" type="stmt"/>
      <line num="9" count="2" type="stmt"/>
      <line num="11" count="2" type="stmt"/>
      <line num="14" count="2" type="stmt"/>
      <line num="39" count="2" type="stmt"/>
      <line num="40" count="1" type="stmt"/>
      <line num="41" count="1" type="stmt"/>
      <line num="45" count="1" type="stmt"/>
      <line num="48" count="1" type="stmt"/>
      <line num="53" count="1" type="stmt"/>
      <line num="59" count="1" type="stmt"/>
      <line num="62" count="2" type="cond" truecount="1" falsecount="1"/>
      <line num="63" count="0" type="stmt"/>
      <line num="66" count="2" type="stmt"/>
      <line num="79" count="0" type="stmt"/>
      <line num="87" count="0" type="stmt"/>
      <line num="95" count="0" type="stmt"/>
      <line num="97" count="0" type="stmt"/>
      <line num="98" count="0" type="stmt"/>
      <line num="103" count="0" type="stmt"/>
      <line num="114" count="0" type="stmt"/>
      <line num="115" count="0" type="stmt"/>
      <line num="117" count="0" type="stmt"/>
    </file>
  </project>
</coverage>
