{"C:\\Users\\aluka\\OneDrive\\Desktop\\nDev\\namaste-react\\src\\Components\\Product.js": {"path":"C:\\Users\\aluka\\OneDrive\\Desktop\\nDev\\namaste-react\\src\\Components\\Product.js","statementMap":{"0":{"start":{"line":1,"column":23},"end":{"line":3,"column":1}},"1":{"start":{"line":2,"column":2},"end":{"line":2,"column":15}}},"fnMap":{"0":{"name":"(anonymous_0)","decl":{"start":{"line":1,"column":23},"end":{"line":1,"column":24}},"loc":{"start":{"line":1,"column":33},"end":{"line":3,"column":1}},"line":1}},"branchMap":{},"s":{"0":1,"1":1},"f":{"0":1},"b":{},"_coverageSchema":"1a1c01bbd47fc00a2c39e90264f33305004495a9","hash":"f35ebd4c3c5aee2b6ed270a25e044c9172c2b338"}
,"C:\\Users\\aluka\\OneDrive\\Desktop\\nDev\\namaste-react\\src\\Components\\sum.js": {"path":"C:\\Users\\aluka\\OneDrive\\Desktop\\nDev\\namaste-react\\src\\Components\\sum.js","statementMap":{"0":{"start":{"line":1,"column":19},"end":{"line":3,"column":1}},"1":{"start":{"line":2,"column":2},"end":{"line":2,"column":15}},"2":{"start":{"line":5,"column":19},"end":{"line":5,"column":28}}},"fnMap":{"0":{"name":"(anonymous_0)","decl":{"start":{"line":1,"column":19},"end":{"line":1,"column":20}},"loc":{"start":{"line":1,"column":29},"end":{"line":3,"column":1}},"line":1}},"branchMap":{},"s":{"0":1,"1":2,"2":1},"f":{"0":2},"b":{},"_coverageSchema":"1a1c01bbd47fc00a2c39e90264f33305004495a9","hash":"9685dd54787d3ce4de0a2d1c48d6c7b75cf25b10"}
}
