{"C:\\Users\\aluka\\OneDrive\\Desktop\\nDev\\namaste-react\\src\\Components\\Body.js": {"path":"C:\\Users\\aluka\\OneDrive\\Desktop\\nDev\\namaste-react\\src\\Components\\Body.js","statementMap":{"0":{"start":{"line":6,"column":13},"end":{"line":130,"column":1}},"1":{"start":{"line":7,"column":50},"end":{"line":7,"column":62}},"2":{"start":{"line":8,"column":51},"end":{"line":8,"column":63}},"3":{"start":{"line":9,"column":38},"end":{"line":9,"column":50}},"4":{"start":{"line":11,"column":17},"end":{"line":11,"column":34}},"5":{"start":{"line":14,"column":36},"end":{"line":14,"column":59}},"6":{"start":{"line":39,"column":2},"end":{"line":60,"column":9}},"7":{"start":{"line":40,"column":23},"end":{"line":57,"column":5}},"8":{"start":{"line":41,"column":19},"end":{"line":43,"column":7}},"9":{"start":{"line":45,"column":25},"end":{"line":45,"column":42}},"10":{"start":{"line":48,"column":6},"end":{"line":51,"column":8}},"11":{"start":{"line":53,"column":6},"end":{"line":56,"column":8}},"12":{"start":{"line":59,"column":4},"end":{"line":59,"column":17}},"13":{"start":{"line":62,"column":2},"end":{"line":64,"column":3}},"14":{"start":{"line":63,"column":4},"end":{"line":63,"column":56}},"15":{"start":{"line":66,"column":2},"end":{"line":129,"column":4}},"16":{"start":{"line":79,"column":29},"end":{"line":79,"column":56}},"17":{"start":{"line":87,"column":14},"end":{"line":87,"column":44}},"18":{"start":{"line":95,"column":14},"end":{"line":95,"column":38}},"19":{"start":{"line":97,"column":33},"end":{"line":101,"column":16}},"20":{"start":{"line":98,"column":16},"end":{"line":100,"column":54}},"21":{"start":{"line":103,"column":14},"end":{"line":103,"column":46}},"22":{"start":{"line":114,"column":33},"end":{"line":116,"column":16}},"23":{"start":{"line":115,"column":16},"end":{"line":115,"column":47}},"24":{"start":{"line":117,"column":14},"end":{"line":117,"column":46}}},"fnMap":{"0":{"name":"(anonymous_0)","decl":{"start":{"line":6,"column":13},"end":{"line":6,"column":14}},"loc":{"start":{"line":6,"column":19},"end":{"line":130,"column":1}},"line":6},"1":{"name":"(anonymous_1)","decl":{"start":{"line":39,"column":12},"end":{"line":39,"column":13}},"loc":{"start":{"line":39,"column":18},"end":{"line":60,"column":3}},"line":39},"2":{"name":"(anonymous_2)","decl":{"start":{"line":40,"column":23},"end":{"line":40,"column":24}},"loc":{"start":{"line":40,"column":35},"end":{"line":57,"column":5}},"line":40},"3":{"name":"(anonymous_3)","decl":{"start":{"line":79,"column":22},"end":{"line":79,"column":23}},"loc":{"start":{"line":79,"column":29},"end":{"line":79,"column":56}},"line":79},"4":{"name":"(anonymous_4)","decl":{"start":{"line":86,"column":22},"end":{"line":86,"column":23}},"loc":{"start":{"line":86,"column":29},"end":{"line":89,"column":13}},"line":86},"5":{"name":"(anonymous_5)","decl":{"start":{"line":94,"column":21},"end":{"line":94,"column":22}},"loc":{"start":{"line":94,"column":27},"end":{"line":104,"column":13}},"line":94},"6":{"name":"(anonymous_6)","decl":{"start":{"line":97,"column":57},"end":{"line":97,"column":58}},"loc":{"start":{"line":97,"column":67},"end":{"line":101,"column":15}},"line":97},"7":{"name":"(anonymous_7)","decl":{"start":{"line":113,"column":21},"end":{"line":113,"column":22}},"loc":{"start":{"line":113,"column":27},"end":{"line":118,"column":13}},"line":113},"8":{"name":"(anonymous_8)","decl":{"start":{"line":114,"column":57},"end":{"line":114,"column":58}},"loc":{"start":{"line":114,"column":67},"end":{"line":116,"column":15}},"line":114}},"branchMap":{"0":{"loc":{"start":{"line":62,"column":2},"end":{"line":64,"column":3}},"type":"if","locations":[{"start":{"line":62,"column":2},"end":{"line":64,"column":3}},{"start":{},"end":{}}],"line":62}},"s":{"0":1,"1":2,"2":2,"3":2,"4":2,"5":2,"6":2,"7":1,"8":1,"9":1,"10":1,"11":1,"12":1,"13":2,"14":0,"15":2,"16":0,"17":0,"18":0,"19":0,"20":0,"21":0,"22":0,"23":0,"24":0},"f":{"0":2,"1":1,"2":1,"3":0,"4":0,"5":0,"6":0,"7":0,"8":0},"b":{"0":[0,2]},"_coverageSchema":"1a1c01bbd47fc00a2c39e90264f33305004495a9","hash":"75b1df421a866909850d6f85b8cb7d98b0b71637"}
}
