TN:
SF:src\Components\Body.js
FN:6,(anonymous_0)
FN:39,(anonymous_1)
FN:40,(anonymous_2)
FN:79,(anonymous_3)
FN:86,(anonymous_4)
FN:94,(anonymous_5)
FN:97,(anonymous_6)
FN:113,(anonymous_7)
FN:114,(anonymous_8)
FNF:9
FNH:3
FNDA:2,(anonymous_0)
FNDA:1,(anonymous_1)
FNDA:1,(anonymous_2)
FNDA:0,(anonymous_3)
FNDA:0,(anonymous_4)
FNDA:0,(anonymous_5)
FNDA:0,(anonymous_6)
FNDA:0,(anonymous_7)
FNDA:0,(anonymous_8)
DA:6,1
DA:7,2
DA:8,2
DA:9,2
DA:11,2
DA:14,2
DA:39,2
DA:40,1
DA:41,1
DA:45,1
DA:48,1
DA:53,1
DA:59,1
DA:62,2
DA:63,0
DA:66,2
DA:79,0
DA:87,0
DA:95,0
DA:97,0
DA:98,0
DA:103,0
DA:114,0
DA:115,0
DA:117,0
LF:25
LH:15
BRDA:62,0,0,0
BRDA:62,0,1,2
BRF:2
BRH:1
end_of_record
